Arguments: 
  /usr/local/bin/node /usr/local/Cellar/yarn/1.10.1/libexec/bin/yarn.js

PATH: 
  /usr/local/bin:/usr/bin:/bin:/usr/sbin:/sbin

Yarn version: 
  1.10.1

Node version: 
  10.12.0

Platform: 
  darwin x64

Trace: 
  Error: certificate has expired
      at TLSSocket.onConnectSecure (_tls_wrap.js:1049:34)
      at TLSSocket.emit (events.js:182:13)
      at TLSSocket._finishInit (_tls_wrap.js:631:8)

npm manifest: 
  {
    "name": "fangzhou-portal-web",
    "version": "2.0.0",
    "description": "fangzhou portal web",
    "license": "MIT",
    "scripts": {
      "clean": "rimraf dist",
      "dev": "cross-env NODE_ENV=development webpack-dev-server --config ./build/webpack.config.dev.js",
      "build": "npm run clean && webpack --config ./build/webpack.config.prod.js && cp -rf src/images dist && cp -rf src/js/lib dist/js && cp -rf src/images/易观方舟产品介绍.pdf dist/images",
      "start": "npm run dev"
    },
    "dependencies": {
      "@analysys/ans-ui": "0.1.22",
      "@fedor/io": "^1.0.5",
      "@fedor/progress-webpack-plugin": "^1.0.0",
      "@fedor/standard": "^1.0.3",
      "autoprefixer": "^7",
      "babel-core": "^6.25.0",
      "babel-helper-vue-jsx-merge-props": "^2.0.2",
      "babel-loader": "^7.1.1",
      "babel-plugin-syntax-jsx": "^6.18.0",
      "babel-plugin-transform-class-properties": "^6.24.1",
      "babel-plugin-transform-object-rest-spread": "^6.26.0",
      "babel-plugin-transform-runtime": "^6.23.0",
      "babel-preset-env": "^1.6.1",
      "babel-runtime": "^6.26.0",
      "copy-webpack-plugin": "^4.5.2",
      "cross-env": "^5.2.0",
      "css-loader": "^0.28.8",
      "cssnano": "next",
      "dplayer": "^1.25.0",
      "env-parse": "^1.0.4",
      "extract-text-webpack-plugin": "^3.0.2",
      "file-loader": "0.10.1",
      "friendly-errors-webpack-plugin": "^1.7.0",
      "glob": "7.1.1",
      "globby": "^6.1.0",
      "happypack": "^3.0.3",
      "html-loader": "^0.5.5",
      "html-webpack-ext-plugin": "^1.0.0",
      "html-webpack-plugin": "2.28.0",
      "html-withimg-loader": "0.1.16",
      "json-loader": "^0.5.4",
      "lodash": "^4.17.4",
      "moment": "^2.18.1",
      "node-sass": "^4.9.3",
      "optimize-css-assets-webpack-plugin": "3.2.0",
      "postcss-loader": "^3.0.0",
      "rimraf": "^2.6.1",
      "sass-loader": "^6.0.6",
      "style-loader": "^0.18.2",
      "url-loader": "^0.5.9",
      "vue": "^2.5.17",
      "vue-loader": "^15.4.1",
      "vue-resource": "^1.2.1",
      "vue-style-loader": "^3.0.3",
      "vue-template-compiler": "^2.5.17",
      "webpack": "^3.12.0",
      "webpack-dev-server": "^2.11.2",
      "webpack-merge": "^4.1.4"
    }
  }

yarn manifest: 
  No manifest

Lockfile: 
  No lockfile
